y:\vulkan\sample2019\x64\debug\vc142.pdb
z:\cs559vulkan\week1\x64\debug\vc143.pdb
z:\cs559vulkan\week1\x64\debug\vc143.idb
z:\cs559vulkan\week1\x64\debug\sample.obj
z:\cs559vulkan\homework1\x64\debug\vc143.pdb
z:\cs559vulkan\homework1\x64\debug\sample.obj
y:\vulkan\sample2019\x64\debug\sample.pdb
z:\cs559vulkan\week1\x64\debug\sample.exe
z:\cs559vulkan\week1\x64\debug\sample.ilk
z:\cs559vulkan\week1\x64\debug\sample.pdb
z:\cs559vulkan\homework1\x64\debug\sample.pdb
z:\cs559vulkan\homework1\x64\debug\sample.ilk
z:\cs559vulkan\homework1\x64\debug\vc142.idb
z:\cs559vulkan\homework1\x64\debug\vc143.idb
z:\cs559vulkan\homework1\x64\debug\vc142.pdb
z:\cs559vulkan\homework1\x64\debug\sample.tlog\cl.command.1.tlog
z:\cs559vulkan\homework1\x64\debug\sample.tlog\cl.read.1.tlog
z:\cs559vulkan\homework1\x64\debug\sample.tlog\cl.write.1.tlog
z:\cs559vulkan\homework1\x64\debug\sample.tlog\link.command.1.tlog
z:\cs559vulkan\homework1\x64\debug\sample.tlog\link.read.1.tlog
z:\cs559vulkan\homework1\x64\debug\sample.tlog\link.write.1.tlog
