  sample.cpp
Z:\CS559Vulkan\homework4\molecule.cpp(13,44): warning C4838: conversion from 'double' to 'int' requires a narrowing conversion
Z:\CS559Vulkan\homework4\molecule.cpp(13,44): warning C4244: 'initializing': conversion from 'double' to 'int', possible loss of data
Z:\CS559Vulkan\homework4\molecule.cpp(14,44): warning C4838: conversion from 'double' to 'int' requires a narrowing conversion
Z:\CS559Vulkan\homework4\molecule.cpp(14,44): warning C4244: 'initializing': conversion from 'double' to 'int', possible loss of data
Z:\CS559Vulkan\homework4\molecule.cpp(15,44): warning C4838: conversion from 'double' to 'int' requires a narrowing conversion
Z:\CS559Vulkan\homework4\molecule.cpp(15,44): warning C4244: 'initializing': conversion from 'double' to 'int', possible loss of data
Z:\CS559Vulkan\homework4\molecule.cpp(16,44): warning C4838: conversion from 'double' to 'int' requires a narrowing conversion
Z:\CS559Vulkan\homework4\molecule.cpp(16,44): warning C4244: 'initializing': conversion from 'double' to 'int', possible loss of data
Z:\CS559Vulkan\homework4\molecule.cpp(17,44): warning C4838: conversion from 'double' to 'int' requires a narrowing conversion
Z:\CS559Vulkan\homework4\molecule.cpp(17,44): warning C4244: 'initializing': conversion from 'double' to 'int', possible loss of data
Z:\CS559Vulkan\homework4\molecule.cpp(18,44): warning C4838: conversion from 'double' to 'int' requires a narrowing conversion
Z:\CS559Vulkan\homework4\molecule.cpp(18,44): warning C4244: 'initializing': conversion from 'double' to 'int', possible loss of data
Z:\CS559Vulkan\homework4\molecule.cpp(19,44): warning C4838: conversion from 'double' to 'int' requires a narrowing conversion
Z:\CS559Vulkan\homework4\molecule.cpp(19,44): warning C4244: 'initializing': conversion from 'double' to 'int', possible loss of data
Z:\CS559Vulkan\homework4\molecule.cpp(20,44): warning C4838: conversion from 'double' to 'int' requires a narrowing conversion
Z:\CS559Vulkan\homework4\molecule.cpp(20,44): warning C4244: 'initializing': conversion from 'double' to 'int', possible loss of data
Z:\CS559Vulkan\homework4\molecule.cpp(21,44): warning C4838: conversion from 'double' to 'int' requires a narrowing conversion
Z:\CS559Vulkan\homework4\molecule.cpp(21,44): warning C4244: 'initializing': conversion from 'double' to 'int', possible loss of data
Z:\CS559Vulkan\homework4\molecule.cpp(22,44): warning C4838: conversion from 'double' to 'int' requires a narrowing conversion
Z:\CS559Vulkan\homework4\molecule.cpp(22,44): warning C4244: 'initializing': conversion from 'double' to 'int', possible loss of data
Z:\CS559Vulkan\homework4\molecule.cpp(23,44): warning C4838: conversion from 'double' to 'int' requires a narrowing conversion
Z:\CS559Vulkan\homework4\molecule.cpp(23,44): warning C4244: 'initializing': conversion from 'double' to 'int', possible loss of data
Z:\CS559Vulkan\homework4\molecule.cpp(24,44): warning C4838: conversion from 'double' to 'int' requires a narrowing conversion
Z:\CS559Vulkan\homework4\molecule.cpp(24,44): warning C4244: 'initializing': conversion from 'double' to 'int', possible loss of data
Z:\CS559Vulkan\homework4\molecule.cpp(25,44): warning C4838: conversion from 'double' to 'int' requires a narrowing conversion
Z:\CS559Vulkan\homework4\molecule.cpp(25,44): warning C4244: 'initializing': conversion from 'double' to 'int', possible loss of data
Z:\CS559Vulkan\homework4\molecule.cpp(26,44): warning C4838: conversion from 'double' to 'int' requires a narrowing conversion
Z:\CS559Vulkan\homework4\molecule.cpp(26,44): warning C4244: 'initializing': conversion from 'double' to 'int', possible loss of data
Z:\CS559Vulkan\homework4\molecule.cpp(27,44): warning C4838: conversion from 'double' to 'int' requires a narrowing conversion
Z:\CS559Vulkan\homework4\molecule.cpp(27,44): warning C4244: 'initializing': conversion from 'double' to 'int', possible loss of data
Z:\CS559Vulkan\homework4\molecule.cpp(28,44): warning C4838: conversion from 'double' to 'int' requires a narrowing conversion
Z:\CS559Vulkan\homework4\molecule.cpp(28,44): warning C4244: 'initializing': conversion from 'double' to 'int', possible loss of data
Z:\CS559Vulkan\homework4\molecule.cpp(29,44): warning C4838: conversion from 'double' to 'int' requires a narrowing conversion
Z:\CS559Vulkan\homework4\molecule.cpp(29,44): warning C4244: 'initializing': conversion from 'double' to 'int', possible loss of data
Z:\CS559Vulkan\homework4\molecule.cpp(30,44): warning C4838: conversion from 'double' to 'int' requires a narrowing conversion
Z:\CS559Vulkan\homework4\molecule.cpp(30,44): warning C4244: 'initializing': conversion from 'double' to 'int', possible loss of data
Z:\CS559Vulkan\homework4\molecule.cpp(31,44): warning C4838: conversion from 'double' to 'int' requires a narrowing conversion
Z:\CS559Vulkan\homework4\molecule.cpp(31,44): warning C4244: 'initializing': conversion from 'double' to 'int', possible loss of data
Z:\CS559Vulkan\homework4\molecule.cpp(32,44): warning C4838: conversion from 'double' to 'int' requires a narrowing conversion
Z:\CS559Vulkan\homework4\molecule.cpp(32,44): warning C4244: 'initializing': conversion from 'double' to 'int', possible loss of data
Z:\CS559Vulkan\homework4\molecule.cpp(33,44): warning C4838: conversion from 'double' to 'int' requires a narrowing conversion
Z:\CS559Vulkan\homework4\molecule.cpp(33,44): warning C4244: 'initializing': conversion from 'double' to 'int', possible loss of data
Z:\CS559Vulkan\homework4\molecule.cpp(34,44): warning C4838: conversion from 'double' to 'int' requires a narrowing conversion
Z:\CS559Vulkan\homework4\molecule.cpp(34,44): warning C4244: 'initializing': conversion from 'double' to 'int', possible loss of data
Z:\CS559Vulkan\homework4\molecule.cpp(35,44): warning C4838: conversion from 'double' to 'int' requires a narrowing conversion
Z:\CS559Vulkan\homework4\molecule.cpp(35,44): warning C4244: 'initializing': conversion from 'double' to 'int', possible loss of data
Z:\CS559Vulkan\homework4\molecule.cpp(36,44): warning C4838: conversion from 'double' to 'int' requires a narrowing conversion
Z:\CS559Vulkan\homework4\molecule.cpp(36,44): warning C4244: 'initializing': conversion from 'double' to 'int', possible loss of data
LINK : warning LNK4098: defaultlib 'MSVCRT' conflicts with use of other libs; use /NODEFAULTLIB:library
  Sample.vcxproj -> Z:\CS559Vulkan\homework4\x64\Debug\Sample.exe
